<?xml version="1.0" encoding="utf-8"?><testsuites name="pytest tests"><testsuite name="pytest" errors="0" failures="0" skipped="0" tests="23" time="3.662" timestamp="2026-06-27T11:56:24.190022+00:00" hostname="agent-env-d78808ca-7e8c-471f-a704-805115dcd608"><testcase classname="backend.tests.test_admin_api.TestHealthCheck" name="test_health_endpoint" time="0.243" /><testcase classname="backend.tests.test_admin_api.TestAdminAuth" name="test_admin_login_success" time="0.357" /><testcase classname="backend.tests.test_admin_api.TestAdminAuth" name="test_admin_login_invalid_credentials" time="0.106" /><testcase classname="backend.tests.test_admin_api.TestAdminAuth" name="test_token_status_valid" time="0.417" /><testcase classname="backend.tests.test_admin_api.TestAdminAuth" name="test_token_status_invalid" time="0.094" /><testcase classname="backend.tests.test_admin_api.TestAdminStats" name="test_get_stats" time="0.104" /><testcase classname="backend.tests.test_admin_api.TestAdminStats" name="test_stats_unauthorized" time="0.096" /><testcase classname="backend.tests.test_admin_api.TestAdminUsers" name="test_get_users_list" time="0.097" /><testcase classname="backend.tests.test_admin_api.TestAdminUsers" name="test_get_users_with_search" time="0.101" /><testcase classname="backend.tests.test_admin_api.TestAdminUsers" name="test_get_users_with_filters" time="0.143" /><testcase classname="backend.tests.test_admin_api.TestAdminMatches" name="test_get_matches_list" time="0.098" /><testcase classname="backend.tests.test_admin_api.TestAdminMatches" name="test_matches_search" time="0.102" /><testcase classname="backend.tests.test_admin_api.TestPendingVerification" name="test_get_pending_verification" time="0.129" /><testcase classname="backend.tests.test_admin_api.TestReportedProfiles" name="test_get_reported_profiles" time="0.096" /><testcase classname="backend.tests.test_admin_api.TestReportedProfiles" name="test_reported_profiles_filter_by_status" time="0.092" /><testcase classname="backend.tests.test_admin_api.TestSubscribers" name="test_get_subscribers" time="0.110" /><testcase classname="backend.tests.test_admin_api.TestSubscribers" name="test_get_subscribers_by_plan" time="0.098" /><testcase classname="backend.tests.test_admin_api.TestSubscribers" name="test_get_subscribers_by_boost" time="0.109" /><testcase classname="backend.tests.test_admin_api.TestRevenueAnalytics" name="test_get_revenue_analytics" time="0.093" /><testcase classname="backend.tests.test_admin_api.TestRevenueAnalytics" name="test_get_revenue_by_period" time="0.099" /><testcase classname="backend.tests.test_admin_api.TestExport" name="test_export_csv" time="0.108" /><testcase classname="backend.tests.test_admin_api.TestExport" name="test_export_xlsx" time="0.412" /><testcase classname="backend.tests.test_admin_api.TestExport" name="test_export_pdf" time="0.214" /></testsuite></testsuites>